{"C:\\Users\\Svetlana\\Documents\\Projects\\ulbi\\1unit\\config\\jest\\jestEmptyComponent.tsx": {"path":"C:\\Users\\Svetlana\\Documents\\Projects\\ulbi\\1unit\\config\\jest\\jestEmptyComponent.tsx","statementMap":{"0":{"start":{"line":3,"column":27},"end":{"line":5,"column":1}},"1":{"start":{"line":4,"column":4},"end":{"line":4,"column":19}}},"fnMap":{"0":{"name":"(anonymous_0)","decl":{"start":{"line":3,"column":27},"end":{"line":3,"column":28}},"loc":{"start":{"line":3,"column":39},"end":{"line":5,"column":1}},"line":3}},"branchMap":{},"s":{"0":1,"1":3},"f":{"0":3},"b":{},"_coverageSchema":"1a1c01bbd47fc00a2c39e90264f33305004495a9","hash":"efcb222048fa812eaaa222d3c2248f67200f40c8"}
,"C:\\Users\\Svetlana\\Documents\\Projects\\ulbi\\1unit\\src\\app\\providers\\ThemeProvider\\ThemeProvider.tsx": {"path":"C:\\Users\\Svetlana\\Documents\\Projects\\ulbi\\1unit\\src\\app\\providers\\ThemeProvider\\ThemeProvider.tsx","statementMap":{"0":{"start":{"line":8,"column":21},"end":{"line":8,"column":92}},"1":{"start":{"line":12,"column":46},"end":{"line":27,"column":1}},"2":{"start":{"line":13,"column":30},"end":{"line":13,"column":59}},"3":{"start":{"line":15,"column":25},"end":{"line":21,"column":5}},"4":{"start":{"line":16,"column":15},"end":{"line":19,"column":9}},"5":{"start":{"line":22,"column":4},"end":{"line":26,"column":6}}},"fnMap":{"0":{"name":"(anonymous_0)","decl":{"start":{"line":12,"column":46},"end":{"line":12,"column":47}},"loc":{"start":{"line":12,"column":64},"end":{"line":27,"column":1}},"line":12},"1":{"name":"(anonymous_1)","decl":{"start":{"line":16,"column":8},"end":{"line":16,"column":9}},"loc":{"start":{"line":16,"column":15},"end":{"line":19,"column":9}},"line":16}},"branchMap":{"0":{"loc":{"start":{"line":8,"column":21},"end":{"line":8,"column":92}},"type":"binary-expr","locations":[{"start":{"line":8,"column":22},"end":{"line":8,"column":76}},{"start":{"line":8,"column":81},"end":{"line":8,"column":92}}],"line":8}},"s":{"0":1,"1":1,"2":0,"3":0,"4":0,"5":0},"f":{"0":0,"1":0},"b":{"0":[1,1]},"_coverageSchema":"1a1c01bbd47fc00a2c39e90264f33305004495a9","hash":"fd749b03650be8d306c1d134d29663bbf68241bf"}
,"C:\\Users\\Svetlana\\Documents\\Projects\\ulbi\\1unit\\src\\app\\providers\\ThemeProvider\\lib\\ThemeContext.ts": {"path":"C:\\Users\\Svetlana\\Documents\\Projects\\ulbi\\1unit\\src\\app\\providers\\ThemeProvider\\lib\\ThemeContext.ts","statementMap":{"0":{"start":{"line":13,"column":28},"end":{"line":13,"column":64}},"1":{"start":{"line":15,"column":39},"end":{"line":15,"column":46}}},"fnMap":{},"branchMap":{},"s":{"0":1,"1":1},"f":{},"b":{},"_coverageSchema":"1a1c01bbd47fc00a2c39e90264f33305004495a9","hash":"2711e911aa8569b5e7b9626507e3d6c8d8e61382"}
,"C:\\Users\\Svetlana\\Documents\\Projects\\ulbi\\1unit\\src\\app\\providers\\ThemeProvider\\lib\\useTheme.ts": {"path":"C:\\Users\\Svetlana\\Documents\\Projects\\ulbi\\1unit\\src\\app\\providers\\ThemeProvider\\lib\\useTheme.ts","statementMap":{"0":{"start":{"line":11,"column":32},"end":{"line":11,"column":56}},"1":{"start":{"line":12,"column":24},"end":{"line":17,"column":5}},"2":{"start":{"line":13,"column":25},"end":{"line":13,"column":72}},"3":{"start":{"line":14,"column":8},"end":{"line":14,"column":27}},"4":{"start":{"line":15,"column":8},"end":{"line":15,"column":64}},"5":{"start":{"line":16,"column":8},"end":{"line":16,"column":30}},"6":{"start":{"line":18,"column":4},"end":{"line":21,"column":6}}},"fnMap":{"0":{"name":"useTheme","decl":{"start":{"line":10,"column":16},"end":{"line":10,"column":24}},"loc":{"start":{"line":10,"column":43},"end":{"line":22,"column":1}},"line":10},"1":{"name":"(anonymous_1)","decl":{"start":{"line":12,"column":24},"end":{"line":12,"column":25}},"loc":{"start":{"line":12,"column":30},"end":{"line":17,"column":5}},"line":12}},"branchMap":{"0":{"loc":{"start":{"line":13,"column":25},"end":{"line":13,"column":72}},"type":"cond-expr","locations":[{"start":{"line":13,"column":48},"end":{"line":13,"column":59}},{"start":{"line":13,"column":62},"end":{"line":13,"column":72}}],"line":13}},"s":{"0":3,"1":3,"2":0,"3":0,"4":0,"5":0,"6":3},"f":{"0":3,"1":0},"b":{"0":[0,0]},"_coverageSchema":"1a1c01bbd47fc00a2c39e90264f33305004495a9","hash":"c51b03d2dd7c3c810ea1828ae036f1da64c26e01"}
,"C:\\Users\\Svetlana\\Documents\\Projects\\ulbi\\1unit\\src\\app\\providers\\ThemeProvider\\ui\\index.tsx": {"path":"C:\\Users\\Svetlana\\Documents\\Projects\\ulbi\\1unit\\src\\app\\providers\\ThemeProvider\\ui\\index.tsx","statementMap":{},"fnMap":{},"branchMap":{},"s":{},"f":{},"b":{},"_coverageSchema":"1a1c01bbd47fc00a2c39e90264f33305004495a9","hash":"f7ac08331303aa0750a4a754a66e90d23c96e955"}
,"C:\\Users\\Svetlana\\Documents\\Projects\\ulbi\\1unit\\src\\shared\\config\\i18n\\i18nFortest.ts": {"path":"C:\\Users\\Svetlana\\Documents\\Projects\\ulbi\\1unit\\src\\shared\\config\\i18n\\i18nFortest.ts","statementMap":{"0":{"start":{"line":4,"column":0},"end":{"line":15,"column":3}}},"fnMap":{},"branchMap":{},"s":{"0":1},"f":{},"b":{},"_coverageSchema":"1a1c01bbd47fc00a2c39e90264f33305004495a9","hash":"be0f4611602c2052206d28f8e8601a73d9ca6678"}
,"C:\\Users\\Svetlana\\Documents\\Projects\\ulbi\\1unit\\src\\shared\\lib\\classNames\\classNames.ts": {"path":"C:\\Users\\Svetlana\\Documents\\Projects\\ulbi\\1unit\\src\\shared\\lib\\classNames\\classNames.ts","statementMap":{"0":{"start":{"line":4,"column":4},"end":{"line":11,"column":19}},"1":{"start":{"line":8,"column":44},"end":{"line":8,"column":58}},"2":{"start":{"line":9,"column":34},"end":{"line":9,"column":43}}},"fnMap":{"0":{"name":"classNames","decl":{"start":{"line":3,"column":16},"end":{"line":3,"column":26}},"loc":{"start":{"line":3,"column":92},"end":{"line":12,"column":1}},"line":3},"1":{"name":"(anonymous_1)","decl":{"start":{"line":8,"column":20},"end":{"line":8,"column":21}},"loc":{"start":{"line":8,"column":44},"end":{"line":8,"column":58}},"line":8},"2":{"name":"(anonymous_2)","decl":{"start":{"line":9,"column":17},"end":{"line":9,"column":18}},"loc":{"start":{"line":9,"column":34},"end":{"line":9,"column":43}},"line":9}},"branchMap":{"0":{"loc":{"start":{"line":3,"column":40},"end":{"line":3,"column":55}},"type":"default-arg","locations":[{"start":{"line":3,"column":53},"end":{"line":3,"column":55}}],"line":3},"1":{"loc":{"start":{"line":3,"column":57},"end":{"line":3,"column":82}},"type":"default-arg","locations":[{"start":{"line":3,"column":80},"end":{"line":3,"column":82}}],"line":3}},"s":{"0":15,"1":9,"2":7},"f":{"0":15,"1":9,"2":7},"b":{"0":[0],"1":[0]},"_coverageSchema":"1a1c01bbd47fc00a2c39e90264f33305004495a9","hash":"fc881af6cc97f4d8b50a57ae564978027133c15b"}
,"C:\\Users\\Svetlana\\Documents\\Projects\\ulbi\\1unit\\src\\shared\\lib\\test\\RenderwithTranslation\\RenderwithTranslation.tsx": {"path":"C:\\Users\\Svetlana\\Documents\\Projects\\ulbi\\1unit\\src\\shared\\lib\\test\\RenderwithTranslation\\RenderwithTranslation.tsx","statementMap":{"0":{"start":{"line":7,"column":4},"end":{"line":11,"column":6}}},"fnMap":{"0":{"name":"RenderwithTranslation","decl":{"start":{"line":6,"column":16},"end":{"line":6,"column":37}},"loc":{"start":{"line":6,"column":60},"end":{"line":12,"column":1}},"line":6}},"branchMap":{},"s":{"0":2},"f":{"0":2},"b":{},"_coverageSchema":"1a1c01bbd47fc00a2c39e90264f33305004495a9","hash":"821c42c3d83cb9f98d911e6d2b134c3ff2921065"}
,"C:\\Users\\Svetlana\\Documents\\Projects\\ulbi\\1unit\\src\\shared\\ui\\Button\\Button.tsx": {"path":"C:\\Users\\Svetlana\\Documents\\Projects\\ulbi\\1unit\\src\\shared\\ui\\Button\\Button.tsx","statementMap":{"0":{"start":{"line":18,"column":58},"end":{"line":31,"column":1}},"1":{"start":{"line":24,"column":4},"end":{"line":30,"column":13}}},"fnMap":{"0":{"name":"(anonymous_0)","decl":{"start":{"line":18,"column":58},"end":{"line":18,"column":59}},"loc":{"start":{"line":24,"column":4},"end":{"line":30,"column":13}},"line":24}},"branchMap":{},"s":{"0":1,"1":6},"f":{"0":6},"b":{},"_coverageSchema":"1a1c01bbd47fc00a2c39e90264f33305004495a9","hash":"16a5455ee773a95d44f588448879cd7f025fd9b3"}
,"C:\\Users\\Svetlana\\Documents\\Projects\\ulbi\\1unit\\src\\widgets\\LanguageSwitcher\\LanguageSwitcher.tsx": {"path":"C:\\Users\\Svetlana\\Documents\\Projects\\ulbi\\1unit\\src\\widgets\\LanguageSwitcher\\LanguageSwitcher.tsx","statementMap":{"0":{"start":{"line":10,"column":24},"end":{"line":10,"column":40}},"1":{"start":{"line":11,"column":19},"end":{"line":13,"column":5}},"2":{"start":{"line":12,"column":8},"end":{"line":12,"column":66}},"3":{"start":{"line":14,"column":4},"end":{"line":22,"column":6}}},"fnMap":{"0":{"name":"LanguageSwitcher","decl":{"start":{"line":9,"column":16},"end":{"line":9,"column":32}},"loc":{"start":{"line":9,"column":71},"end":{"line":23,"column":1}},"line":9},"1":{"name":"(anonymous_1)","decl":{"start":{"line":11,"column":19},"end":{"line":11,"column":20}},"loc":{"start":{"line":11,"column":31},"end":{"line":13,"column":5}},"line":11}},"branchMap":{"0":{"loc":{"start":{"line":12,"column":28},"end":{"line":12,"column":64}},"type":"cond-expr","locations":[{"start":{"line":12,"column":53},"end":{"line":12,"column":57}},{"start":{"line":12,"column":60},"end":{"line":12,"column":64}}],"line":12}},"s":{"0":3,"1":3,"2":0,"3":3},"f":{"0":3,"1":0},"b":{"0":[0,0]},"_coverageSchema":"1a1c01bbd47fc00a2c39e90264f33305004495a9","hash":"5dae1c57a9a5a0984cfb1e6e32aad2aad9e5e012"}
,"C:\\Users\\Svetlana\\Documents\\Projects\\ulbi\\1unit\\src\\widgets\\SideBar\\ui\\Sidebar\\Sidebar.tsx": {"path":"C:\\Users\\Svetlana\\Documents\\Projects\\ulbi\\1unit\\src\\widgets\\SideBar\\ui\\Sidebar\\Sidebar.tsx","statementMap":{"0":{"start":{"line":13,"column":38},"end":{"line":13,"column":53}},"1":{"start":{"line":14,"column":21},"end":{"line":16,"column":5}},"2":{"start":{"line":15,"column":8},"end":{"line":15,"column":38}},"3":{"start":{"line":15,"column":31},"end":{"line":15,"column":36}},"4":{"start":{"line":18,"column":4},"end":{"line":38,"column":6}}},"fnMap":{"0":{"name":"Sidebar","decl":{"start":{"line":12,"column":16},"end":{"line":12,"column":23}},"loc":{"start":{"line":12,"column":53},"end":{"line":39,"column":1}},"line":12},"1":{"name":"(anonymous_1)","decl":{"start":{"line":14,"column":21},"end":{"line":14,"column":22}},"loc":{"start":{"line":14,"column":27},"end":{"line":16,"column":5}},"line":14},"2":{"name":"(anonymous_2)","decl":{"start":{"line":15,"column":21},"end":{"line":15,"column":22}},"loc":{"start":{"line":15,"column":31},"end":{"line":15,"column":36}},"line":15}},"branchMap":{},"s":{"0":3,"1":3,"2":1,"3":1,"4":3},"f":{"0":3,"1":1,"2":1},"b":{},"_coverageSchema":"1a1c01bbd47fc00a2c39e90264f33305004495a9","hash":"2eb63dbb003ed72f1a6d0dd85cd02194703c0b0d"}
,"C:\\Users\\Svetlana\\Documents\\Projects\\ulbi\\1unit\\src\\widgets\\ThemeSwitcher\\ui\\ThemeSwitcher.tsx": {"path":"C:\\Users\\Svetlana\\Documents\\Projects\\ulbi\\1unit\\src\\widgets\\ThemeSwitcher\\ui\\ThemeSwitcher.tsx","statementMap":{"0":{"start":{"line":13,"column":35},"end":{"line":13,"column":45}},"1":{"start":{"line":15,"column":4},"end":{"line":23,"column":6}}},"fnMap":{"0":{"name":"ThemeSwitcher","decl":{"start":{"line":12,"column":16},"end":{"line":12,"column":29}},"loc":{"start":{"line":12,"column":65},"end":{"line":24,"column":1}},"line":12}},"branchMap":{"0":{"loc":{"start":{"line":21,"column":13},"end":{"line":21,"column":61}},"type":"cond-expr","locations":[{"start":{"line":21,"column":36},"end":{"line":21,"column":48}},{"start":{"line":21,"column":51},"end":{"line":21,"column":61}}],"line":21}},"s":{"0":3,"1":3},"f":{"0":3},"b":{"0":[0,3]},"_coverageSchema":"1a1c01bbd47fc00a2c39e90264f33305004495a9","hash":"9550227c093c082104ab53eb245f48f6127ee158"}
}
