TN:
SF:config\jest\jestEmptyComponent.tsx
FN:3,(anonymous_0)
FNF:1
FNH:1
FNDA:3,(anonymous_0)
DA:3,1
DA:4,3
LF:2
LH:2
BRF:0
BRH:0
end_of_record
TN:
SF:src\app\providers\ThemeProvider\ThemeProvider.tsx
FN:12,(anonymous_0)
FN:16,(anonymous_1)
FNF:2
FNH:0
FNDA:0,(anonymous_0)
FNDA:0,(anonymous_1)
DA:8,1
DA:12,1
DA:13,0
DA:15,0
DA:16,0
DA:22,0
LF:6
LH:2
BRDA:8,0,0,1
BRDA:8,0,1,1
BRF:2
BRH:2
end_of_record
TN:
SF:src\app\providers\ThemeProvider\lib\ThemeContext.ts
FNF:0
FNH:0
DA:13,1
DA:15,1
LF:2
LH:2
BRF:0
BRH:0
end_of_record
TN:
SF:src\app\providers\ThemeProvider\lib\useTheme.ts
FN:10,useTheme
FN:12,(anonymous_1)
FNF:2
FNH:1
FNDA:3,useTheme
FNDA:0,(anonymous_1)
DA:11,3
DA:12,3
DA:13,0
DA:14,0
DA:15,0
DA:16,0
DA:18,3
LF:7
LH:3
BRDA:13,0,0,0
BRDA:13,0,1,0
BRF:2
BRH:0
end_of_record
TN:
SF:src\app\providers\ThemeProvider\ui\index.tsx
FNF:0
FNH:0
LF:0
LH:0
BRF:0
BRH:0
end_of_record
TN:
SF:src\shared\config\i18n\i18nFortest.ts
FNF:0
FNH:0
DA:4,1
LF:1
LH:1
BRF:0
BRH:0
end_of_record
TN:
SF:src\shared\lib\classNames\classNames.ts
FN:3,classNames
FN:8,(anonymous_1)
FN:9,(anonymous_2)
FNF:3
FNH:3
FNDA:15,classNames
FNDA:9,(anonymous_1)
FNDA:7,(anonymous_2)
DA:4,15
DA:8,9
DA:9,7
LF:3
LH:3
BRDA:3,0,0,0
BRDA:3,1,0,0
BRF:2
BRH:0
end_of_record
TN:
SF:src\shared\lib\test\RenderwithTranslation\RenderwithTranslation.tsx
FN:6,RenderwithTranslation
FNF:1
FNH:1
FNDA:2,RenderwithTranslation
DA:7,2
LF:1
LH:1
BRF:0
BRH:0
end_of_record
TN:
SF:src\shared\ui\Button\Button.tsx
FN:18,(anonymous_0)
FNF:1
FNH:1
FNDA:6,(anonymous_0)
DA:18,1
DA:24,6
LF:2
LH:2
BRF:0
BRH:0
end_of_record
TN:
SF:src\widgets\LanguageSwitcher\LanguageSwitcher.tsx
FN:9,LanguageSwitcher
FN:11,(anonymous_1)
FNF:2
FNH:1
FNDA:3,LanguageSwitcher
FNDA:0,(anonymous_1)
DA:10,3
DA:11,3
DA:12,0
DA:14,3
LF:4
LH:3
BRDA:12,0,0,0
BRDA:12,0,1,0
BRF:2
BRH:0
end_of_record
TN:
SF:src\widgets\SideBar\ui\Sidebar\Sidebar.tsx
FN:12,Sidebar
FN:14,(anonymous_1)
FN:15,(anonymous_2)
FNF:3
FNH:3
FNDA:3,Sidebar
FNDA:1,(anonymous_1)
FNDA:1,(anonymous_2)
DA:13,3
DA:14,3
DA:15,1
DA:18,3
LF:4
LH:4
BRF:0
BRH:0
end_of_record
TN:
SF:src\widgets\ThemeSwitcher\ui\ThemeSwitcher.tsx
FN:12,ThemeSwitcher
FNF:1
FNH:1
FNDA:3,ThemeSwitcher
DA:13,3
DA:15,3
LF:2
LH:2
BRDA:21,0,0,0
BRDA:21,0,1,3
BRF:2
BRH:1
end_of_record
